<?xml version="1.0" encoding="UTF-8"?>
<testsuite xmlns:xsi="http://www.w3.org/2001/XMLSchema-instance" xsi:noNamespaceSchemaLocation="https://maven.apache.org/surefire/maven-surefire-plugin/xsd/surefire-test-report.xsd" name="TestSuite" time="113.825" tests="2" errors="0" skipped="1" failures="1">
  <properties>
[...]
</properties>
  <testcase name="setup" classname="RahulShettyAcadamy.DemoTest" time="108.286">
    <failure message="unknown error: DevToolsActivePort file doesn&apos;t exist&#10;Build info: version: &apos;3.7.0&apos;, revision: &apos;2321c73&apos;, time: &apos;2017-11-02T22:22:35.584Z&apos;&#10;System info: host: &apos;SHUBHAM&apos;, ip: &apos;192.168.0.2&apos;, os.name: &apos;Windows 10&apos;, os.arch: &apos;amd64&apos;, os.version: &apos;10.0&apos;, java.version: &apos;1.8.0-262&apos;&#10;Driver info: driver.version: ChromeDriver&#10;remote stacktrace: Backtrace:&#10;	Ordinal0 [0x0059BDE3+2473443]&#10;	Ordinal0 [0x00536661+2057825]&#10;	Ordinal0 [0x00442438+1057848]&#10;	Ordinal0 [0x0045F8C2+1177794]&#10;	Ordinal0 [0x0045C219+1163801]&#10;	Ordinal0 [0x00459CAF+1154223]&#10;	Ordinal0 [0x00489ADF+1350367]&#10;	Ordinal0 [0x0048974A+1349450]&#10;	Ordinal0 [0x004855AB+1332651]&#10;	Ordinal0 [0x00462104+1188100]&#10;	Ordinal0 [0x00462F59+1191769]&#10;	GetHandleVerifier [0x00722266+1549718]&#10;	GetHandleVerifier [0x007CD4A7+2250711]&#10;	GetHandleVerifier [0x0062718B+521403]&#10;	GetHandleVerifier [0x00626229+517465]&#10;	Ordinal0 [0x0053B79D+2078621]&#10;	Ordinal0 [0x0053FB58+2095960]&#10;	Ordinal0 [0x0053FC92+2096274]&#10;	Ordinal0 [0x00549541+2135361]&#10;	BaseThreadInitThunk [0x74FCFA29+25]&#10;	RtlGetAppContainerNamedObjectPath [0x77097A9E+286]&#10;	RtlGetAppContainerNamedObjectPath [0x77097A6E+238]&#10;" type="org.openqa.selenium.WebDriverException">org.openqa.selenium.WebDriverException: 
unknown error: DevToolsActivePort file doesn't exist
Build info: version: '3.7.0', revision: '2321c73', time: '2017-11-02T22:22:35.584Z'
System info: host: 'SHUBHAM', ip: '192.168.0.2', os.name: 'Windows 10', os.arch: 'amd64', os.version: '10.0', java.version: '1.8.0-262'
Driver info: driver.version: ChromeDriver
remote stacktrace: Backtrace:
	Ordinal0 [0x0059BDE3+2473443]
	Ordinal0 [0x00536661+2057825]
	Ordinal0 [0x00442438+1057848]
	Ordinal0 [0x0045F8C2+1177794]
	Ordinal0 [0x0045C219+1163801]
	Ordinal0 [0x00459CAF+1154223]
	Ordinal0 [0x00489ADF+1350367]
	Ordinal0 [0x0048974A+1349450]
	Ordinal0 [0x004855AB+1332651]
	Ordinal0 [0x00462104+1188100]
	Ordinal0 [0x00462F59+1191769]
	GetHandleVerifier [0x00722266+1549718]
	GetHandleVerifier [0x007CD4A7+2250711]
	GetHandleVerifier [0x0062718B+521403]
	GetHandleVerifier [0x00626229+517465]
	Ordinal0 [0x0053B79D+2078621]
	Ordinal0 [0x0053FB58+2095960]
	Ordinal0 [0x0053FC92+2096274]
	Ordinal0 [0x00549541+2135361]
	BaseThreadInitThunk [0x74FCFA29+25]
	RtlGetAppContainerNamedObjectPath [0x77097A9E+286]
	RtlGetAppContainerNamedObjectPath [0x77097A6E+238]

	at RahulShettyAcadamy.DemoTest.setup(DemoTest.java:20)
</failure>
    <system-err><![CDATA[Starting ChromeDriver 94.0.4606.61 (418b78f5838ed0b1c69bb4e51ea0252171854915-refs/branch-heads/4606@{#1204}) on port 33222
Only local connections are allowed.
Please see https://chromedriver.chromium.org/security-considerations for suggestions on keeping ChromeDriver safe.
ChromeDriver was started successfully.
]]></system-err>
  </testcase>
  <testcase name="tearDown" classname="RahulShettyAcadamy.DemoTest" time="0">
    <skipped/>
  </testcase>
</testsuite>